2024-10-13 21:52:04.075 [info] [main] Log level: Info
2024-10-13 21:52:04.075 [info] [main] Validating found git in: "git"
2024-10-13 21:52:04.075 [info] [main] Using git "2.43.0" from "git"
2024-10-13 21:52:04.075 [info] [Model][doInitialScan] Initial repository scan started
2024-10-13 21:52:04.075 [info] > git rev-parse --show-toplevel [5ms]
2024-10-13 21:52:04.075 [info] > git rev-parse --git-dir --git-common-dir [1ms]
2024-10-13 21:52:04.075 [info] [Model][openRepository] Opened repository: /home/nuanred/Documents/test
2024-10-13 21:52:04.075 [info] > git config --get commit.template [5ms]
2024-10-13 21:52:04.092 [info] > git for-each-ref --format=%(refname)%00%(upstream:short)%00%(objectname)%00%(upstream:track)%00%(upstream:remotename)%00%(upstream:remoteref) refs/heads/main refs/remotes/main [12ms]
2024-10-13 21:52:04.113 [info] > git for-each-ref --sort -committerdate --format %(refname) %(objectname) %(*objectname) [2ms]
2024-10-13 21:52:04.114 [info] > git status -z -uall [8ms]
2024-10-13 21:52:04.129 [info] > git for-each-ref --format=%(refname)%00%(upstream:short)%00%(objectname)%00%(upstream:track)%00%(upstream:remotename)%00%(upstream:remoteref) refs/heads/main refs/remotes/main [6ms]
2024-10-13 21:52:04.136 [info] > git config --local branch.main.vscode-merge-base [3ms]
2024-10-13 21:52:04.136 [warning] [Git][config] git config failed: Failed to execute git
2024-10-13 21:52:04.140 [info] > git config --get commit.template [11ms]
2024-10-13 21:52:04.166 [info] > git reflog main --grep-reflog=branch: Created from *. [26ms]
2024-10-13 21:52:04.199 [info] > git symbolic-ref --short refs/remotes/origin/HEAD [29ms]
2024-10-13 21:52:04.199 [info] fatal: ref refs/remotes/origin/HEAD is not a symbolic ref
2024-10-13 21:52:04.199 [warning] [Repository][getDefaultBranch] Failed to get default branch details: Failed to execute git.
2024-10-13 21:52:04.204 [info] > git for-each-ref --format=%(refname)%00%(upstream:short)%00%(objectname)%00%(upstream:track)%00%(upstream:remotename)%00%(upstream:remoteref) refs/heads/main refs/remotes/main [39ms]
2024-10-13 21:52:04.212 [info] > git merge-base refs/heads/main refs/remotes/origin/main [7ms]
2024-10-13 21:52:04.217 [info] > git rev-parse --show-toplevel [8ms]
2024-10-13 21:52:04.221 [info] > git diff --name-status -z --diff-filter=ADMR d8bab9114a44601893b3c7f1bd0cffb6e495bb4f...refs/remotes/origin/main [5ms]
2024-10-13 21:52:04.230 [info] > git rev-parse --show-toplevel [9ms]
2024-10-13 21:52:04.235 [info] > git status -z -uall [9ms]
2024-10-13 21:52:04.235 [info] > git for-each-ref --sort -committerdate --format %(refname) %(objectname) %(*objectname) [6ms]
2024-10-13 21:52:04.236 [info] > git rev-parse --show-toplevel [1ms]
2024-10-13 21:52:04.245 [info] > git rev-parse --show-toplevel [2ms]
2024-10-13 21:52:04.251 [info] > git rev-parse --show-toplevel [1ms]
2024-10-13 21:52:04.256 [info] > git rev-parse --show-toplevel [1ms]
2024-10-13 21:52:04.261 [info] > git rev-parse --show-toplevel [1ms]
2024-10-13 21:52:04.267 [info] > git rev-parse --show-toplevel [1ms]
2024-10-13 21:52:04.273 [info] > git rev-parse --show-toplevel [1ms]
2024-10-13 21:52:04.278 [info] > git rev-parse --show-toplevel [1ms]
2024-10-13 21:52:04.284 [info] > git rev-parse --show-toplevel [1ms]
2024-10-13 21:52:04.289 [info] > git rev-parse --show-toplevel [1ms]
2024-10-13 21:52:04.293 [info] > git rev-parse --show-toplevel [1ms]
2024-10-13 21:52:04.297 [info] > git rev-parse --show-toplevel [0ms]
2024-10-13 21:52:04.302 [info] > git rev-parse --show-toplevel [1ms]
2024-10-13 21:52:04.306 [info] > git rev-parse --show-toplevel [1ms]
2024-10-13 21:52:04.310 [info] > git rev-parse --show-toplevel [1ms]
2024-10-13 21:52:04.314 [info] > git rev-parse --show-toplevel [1ms]
2024-10-13 21:52:04.319 [info] > git rev-parse --show-toplevel [1ms]
2024-10-13 21:52:04.323 [info] > git rev-parse --show-toplevel [1ms]
2024-10-13 21:52:04.328 [info] > git rev-parse --show-toplevel [1ms]
2024-10-13 21:52:04.333 [info] > git rev-parse --show-toplevel [1ms]
2024-10-13 21:52:04.343 [info] > git rev-parse --show-toplevel [6ms]
2024-10-13 21:52:04.348 [info] > git rev-parse --show-toplevel [1ms]
2024-10-13 21:52:04.353 [info] > git rev-parse --show-toplevel [1ms]
2024-10-13 21:52:04.358 [info] > git rev-parse --show-toplevel [1ms]
2024-10-13 21:52:04.362 [info] > git rev-parse --show-toplevel [1ms]
2024-10-13 21:52:04.364 [info] [Model][doInitialScan] Initial repository scan completed - repositories (1), closed repositories (0), parent repositories (0), unsafe repositories (0)
2024-10-13 21:52:04.587 [info] > git check-ignore -v -z --stdin [1ms]
2024-10-13 21:52:06.309 [info] > git config --get commit.template [4ms]
2024-10-13 21:52:06.310 [info] > git for-each-ref --format=%(refname)%00%(upstream:short)%00%(objectname)%00%(upstream:track)%00%(upstream:remotename)%00%(upstream:remoteref) refs/heads/main refs/remotes/main [1ms]
2024-10-13 21:52:06.318 [info] > git for-each-ref --sort -committerdate --format %(refname) %(objectname) %(*objectname) [1ms]
2024-10-13 21:52:06.320 [info] > git status -z -uall [7ms]
2024-10-13 21:52:07.853 [info] > git check-ignore -v -z --stdin [1ms]
2024-10-13 21:52:09.974 [info] > git check-ignore -v -z --stdin [1ms]
2024-10-13 21:52:11.332 [info] > git config --get commit.template [4ms]
2024-10-13 21:52:11.333 [info] > git for-each-ref --format=%(refname)%00%(upstream:short)%00%(objectname)%00%(upstream:track)%00%(upstream:remotename)%00%(upstream:remoteref) refs/heads/main refs/remotes/main [1ms]
2024-10-13 21:52:11.342 [info] > git for-each-ref --sort -committerdate --format %(refname) %(objectname) %(*objectname) [1ms]
2024-10-13 21:52:11.343 [info] > git status -z -uall [6ms]
2024-10-13 21:52:16.571 [info] > git check-ignore -v -z --stdin [1ms]
2024-10-13 21:52:18.756 [info] > git config --get commit.template [4ms]
2024-10-13 21:52:18.756 [info] > git for-each-ref --format=%(refname)%00%(upstream:short)%00%(objectname)%00%(upstream:track)%00%(upstream:remotename)%00%(upstream:remoteref) refs/heads/main refs/remotes/main [1ms]
2024-10-13 21:52:18.765 [info] > git for-each-ref --sort -committerdate --format %(refname) %(objectname) %(*objectname) [1ms]
2024-10-13 21:52:18.766 [info] > git status -z -uall [6ms]
2024-10-13 21:52:45.097 [info] [main] Log level: Info
2024-10-13 21:52:45.097 [info] [main] Validating found git in: "git"
2024-10-13 21:52:45.097 [info] [main] Using git "2.43.0" from "git"
2024-10-13 21:52:45.097 [info] [Model][doInitialScan] Initial repository scan started
2024-10-13 21:52:45.097 [info] > git rev-parse --show-toplevel [3ms]
2024-10-13 21:52:45.122 [info] > git rev-parse --show-toplevel [17ms]
2024-10-13 21:52:45.125 [info] [Model][doInitialScan] Initial repository scan completed - repositories (0), closed repositories (0), parent repositories (1), unsafe repositories (0)
2024-10-13 21:52:47.013 [info] > git rev-parse --show-toplevel [2ms]
